<?xml version="1.0" encoding="UTF-8"?>
<!-- Generated by org.testng.reporters.JUnitReportReporter -->
<testsuite hostname="DESKTOP-B7LR8B2" failures="0" tests="2" name="TestNG.TestNgClass_Spotify" time="81.029" errors="0" timestamp="2023-02-20T11:13:37 IST" skipped="0">
  <testcase classname="TestNG.TestNgClass_Spotify" name="verifyPlaySong" time="42.281"/>
  <system-out/>
  <testcase classname="TestNG.TestNgClass_Spotify" name="verifyPlaySong" time="38.748"/>
  <system-out/>
</testsuite> <!-- TestNG.TestNgClass_Spotify -->
